TN:
SF:nodes/Hotmart/Hotmart.node.ts
FN:7,(anonymous_0)
FNF:1
FNH:1
FNDA:5,(anonymous_0)
DA:2,1
DA:4,1
DA:6,1
DA:8,5
DA:19,5
DA:23,5
LF:6
LH:6
BRF:0
BRH:0
end_of_record
TN:
SF:nodes/Hotmart/HotmartTrigger.node.ts
FN:12,(anonymous_0)
FN:104,getEvent
FN:171,(anonymous_2)
FN:461,(anonymous_3)
FN:1043,(anonymous_4)
FN:1055,(anonymous_5)
FN:1094,(anonymous_6)
FN:1119,(anonymous_7)
FN:1220,(anonymous_8)
FN:1292,(anonymous_9)
FNF:10
FNH:3
FNDA:1,(anonymous_0)
FNDA:0,getEvent
FNDA:0,(anonymous_2)
FNDA:11,(anonymous_3)
FNDA:0,(anonymous_4)
FNDA:0,(anonymous_5)
FNDA:0,(anonymous_6)
FNDA:4,(anonymous_7)
FNDA:0,(anonymous_8)
FNDA:0,(anonymous_9)
DA:12,1
DA:13,1
DA:14,1
DA:15,1
DA:16,1
DA:17,1
DA:18,1
DA:19,1
DA:20,1
DA:21,1
DA:22,1
DA:23,1
DA:24,1
DA:25,1
DA:26,1
DA:27,1
DA:29,1
DA:32,1
DA:105,0
DA:107,0
DA:108,0
DA:111,0
DA:112,0
DA:115,0
DA:116,0
DA:119,0
DA:120,0
DA:123,0
DA:124,0
DA:127,0
DA:128,0
DA:131,0
DA:132,0
DA:135,0
DA:136,0
DA:139,0
DA:140,0
DA:143,0
DA:144,0
DA:147,0
DA:148,0
DA:151,0
DA:152,0
DA:155,0
DA:156,0
DA:159,0
DA:160,0
DA:163,0
DA:164,0
DA:167,0
DA:171,1
DA:172,0
DA:173,0
DA:176,0
DA:177,0
DA:178,0
DA:253,0
DA:330,0
DA:331,0
DA:396,0
DA:461,1
DA:462,11
DA:1041,11
DA:1044,0
DA:1048,0
DA:1049,0
DA:1052,0
DA:1056,0
DA:1057,0
DA:1059,0
DA:1062,0
DA:1063,0
DA:1064,0
DA:1066,0
DA:1069,0
DA:1070,0
DA:1071,0
DA:1073,0
DA:1074,0
DA:1075,0
DA:1077,0
DA:1080,0
DA:1083,0
DA:1084,0
DA:1085,0
DA:1086,0
DA:1087,0
DA:1091,0
DA:1095,0
DA:1096,0
DA:1097,0
DA:1099,0
DA:1102,0
DA:1105,0
DA:1108,0
DA:1109,0
DA:1110,0
DA:1111,0
DA:1114,0
DA:1120,4
DA:1123,4
DA:1124,4
DA:1125,0
DA:1126,0
DA:1127,0
DA:1131,0
DA:1136,0
DA:1137,0
DA:1138,0
DA:1139,0
DA:1145,0
DA:1146,0
DA:1147,0
DA:1148,0
DA:1149,0
DA:1155,0
DA:1156,0
DA:1166,0
DA:1167,0
DA:1169,0
DA:1181,0
DA:1182,0
DA:1183,0
DA:1184,0
DA:1185,0
DA:1188,0
DA:1200,0
DA:1205,0
DA:1206,0
DA:1212,0
DA:1213,0
DA:1216,0
DA:1218,0
DA:1220,0
DA:1222,0
DA:1225,0
DA:1226,0
DA:1228,0
DA:1229,0
DA:1231,0
DA:1232,0
DA:1234,0
DA:1235,0
DA:1237,0
DA:1238,0
DA:1240,0
DA:1241,0
DA:1243,0
DA:1244,0
DA:1246,0
DA:1247,0
DA:1249,0
DA:1250,0
DA:1252,0
DA:1253,0
DA:1255,0
DA:1256,0
DA:1258,0
DA:1259,0
DA:1261,0
DA:1262,0
DA:1264,0
DA:1265,0
DA:1267,0
DA:1268,0
DA:1271,0
DA:1272,0
DA:1273,0
DA:1279,0
DA:1280,0
DA:1281,0
DA:1282,0
DA:1288,0
DA:1290,0
DA:1292,0
DA:1295,0
DA:1296,0
DA:1305,0
DA:1307,0
DA:1317,0
DA:1320,0
DA:1336,0
DA:1339,0
DA:1340,0
DA:1342,0
DA:1344,0
DA:1347,0
DA:1348,0
DA:1350,0
DA:1351,0
DA:1353,0
DA:1354,0
DA:1356,0
DA:1357,0
DA:1360,0
DA:1363,0
DA:1366,0
DA:1367,0
DA:1375,0
DA:1376,0
DA:1377,0
DA:1379,0
DA:1381,0
DA:1383,0
DA:1384,0
DA:1386,0
DA:1387,0
DA:1389,0
DA:1390,0
DA:1392,0
DA:1393,0
DA:1395,0
DA:1396,0
DA:1398,0
DA:1399,0
DA:1401,0
DA:1402,0
DA:1404,0
DA:1405,0
DA:1407,0
DA:1408,0
DA:1411,0
DA:1412,0
DA:1413,0
DA:1419,0
DA:1420,0
DA:1421,0
DA:1422,0
DA:1423,0
DA:1424,0
DA:1425,0
DA:1428,0
DA:1429,0
DA:1430,0
DA:1431,0
DA:1438,0
DA:1439,0
LF:237
LH:25
BRDA:12,0,0,1
BRDA:12,0,1,1
BRDA:107,1,0,0
BRDA:111,2,0,0
BRDA:115,3,0,0
BRDA:119,4,0,0
BRDA:123,5,0,0
BRDA:127,6,0,0
BRDA:131,7,0,0
BRDA:135,8,0,0
BRDA:139,9,0,0
BRDA:143,10,0,0
BRDA:147,11,0,0
BRDA:151,12,0,0
BRDA:155,13,0,0
BRDA:159,14,0,0
BRDA:163,15,0,0
BRDA:176,16,0,0
BRDA:176,16,1,0
BRDA:177,17,0,0
BRDA:177,17,1,0
BRDA:181,18,0,0
BRDA:181,18,1,0
BRDA:185,19,0,0
BRDA:185,19,1,0
BRDA:189,20,0,0
BRDA:189,20,1,0
BRDA:193,21,0,0
BRDA:193,21,1,0
BRDA:197,22,0,0
BRDA:197,22,1,0
BRDA:201,23,0,0
BRDA:201,23,1,0
BRDA:205,24,0,0
BRDA:205,24,1,0
BRDA:209,25,0,0
BRDA:209,25,1,0
BRDA:213,26,0,0
BRDA:213,26,1,0
BRDA:217,27,0,0
BRDA:217,27,1,0
BRDA:221,28,0,0
BRDA:221,28,1,0
BRDA:225,29,0,0
BRDA:225,29,1,0
BRDA:229,30,0,0
BRDA:229,30,1,0
BRDA:233,31,0,0
BRDA:233,31,1,0
BRDA:237,32,0,0
BRDA:237,32,1,0
BRDA:241,33,0,0
BRDA:241,33,1,0
BRDA:245,34,0,0
BRDA:245,34,1,0
BRDA:249,35,0,0
BRDA:249,35,1,0
BRDA:330,36,0,0
BRDA:330,36,1,0
BRDA:334,37,0,0
BRDA:334,37,1,0
BRDA:338,38,0,0
BRDA:338,38,1,0
BRDA:342,39,0,0
BRDA:342,39,1,0
BRDA:346,40,0,0
BRDA:346,40,1,0
BRDA:350,41,0,0
BRDA:350,41,1,0
BRDA:354,42,0,0
BRDA:354,42,1,0
BRDA:358,43,0,0
BRDA:358,43,1,0
BRDA:362,44,0,0
BRDA:362,44,1,0
BRDA:366,45,0,0
BRDA:366,45,1,0
BRDA:370,46,0,0
BRDA:370,46,1,0
BRDA:374,47,0,0
BRDA:374,47,1,0
BRDA:378,48,0,0
BRDA:378,48,1,0
BRDA:382,49,0,0
BRDA:382,49,1,0
BRDA:386,50,0,0
BRDA:386,50,1,0
BRDA:390,51,0,0
BRDA:390,51,1,0
BRDA:1048,52,0,0
BRDA:1066,53,0,0
BRDA:1066,53,1,0
BRDA:1073,54,0,0
BRDA:1073,54,1,0
BRDA:1084,55,0,0
BRDA:1086,56,0,0
BRDA:1097,57,0,0
BRDA:1097,57,1,0
BRDA:1099,58,0,0
BRDA:1127,59,0,0
BRDA:1127,59,1,0
BRDA:1131,60,0,0
BRDA:1131,60,1,0
BRDA:1131,61,0,0
BRDA:1131,61,1,0
BRDA:1136,62,0,0
BRDA:1136,63,0,0
BRDA:1136,63,1,0
BRDA:1136,63,2,0
BRDA:1146,64,0,0
BRDA:1155,65,0,0
BRDA:1156,66,0,0
BRDA:1157,67,0,0
BRDA:1157,67,1,0
BRDA:1166,68,0,0
BRDA:1166,68,1,0
BRDA:1167,69,0,0
BRDA:1167,69,1,0
BRDA:1170,70,0,0
BRDA:1170,70,1,0
BRDA:1170,70,2,0
BRDA:1170,70,3,0
BRDA:1170,70,4,0
BRDA:1171,71,0,0
BRDA:1171,71,1,0
BRDA:1171,72,0,0
BRDA:1171,72,1,0
BRDA:1171,73,0,0
BRDA:1171,73,1,0
BRDA:1171,74,0,0
BRDA:1171,74,1,0
BRDA:1172,75,0,0
BRDA:1172,75,1,0
BRDA:1172,76,0,0
BRDA:1172,76,1,0
BRDA:1183,77,0,0
BRDA:1183,77,1,0
BRDA:1216,78,0,0
BRDA:1216,78,1,0
BRDA:1222,79,0,0
BRDA:1222,79,1,0
BRDA:1222,79,2,0
BRDA:1222,79,3,0
BRDA:1222,79,4,0
BRDA:1222,79,5,0
BRDA:1222,79,6,0
BRDA:1222,79,7,0
BRDA:1222,79,8,0
BRDA:1222,79,9,0
BRDA:1222,79,10,0
BRDA:1222,79,11,0
BRDA:1222,79,12,0
BRDA:1222,79,13,0
BRDA:1222,79,14,0
BRDA:1222,79,15,0
BRDA:1222,79,16,0
BRDA:1279,80,0,0
BRDA:1288,81,0,0
BRDA:1295,82,0,0
BRDA:1295,82,1,0
BRDA:1296,83,0,0
BRDA:1296,83,1,0
BRDA:1297,84,0,0
BRDA:1297,84,1,0
BRDA:1305,85,0,0
BRDA:1305,85,1,0
BRDA:1308,86,0,0
BRDA:1308,86,1,0
BRDA:1308,86,2,0
BRDA:1308,86,3,0
BRDA:1308,86,4,0
BRDA:1309,87,0,0
BRDA:1309,87,1,0
BRDA:1309,88,0,0
BRDA:1309,88,1,0
BRDA:1309,89,0,0
BRDA:1309,89,1,0
BRDA:1309,90,0,0
BRDA:1309,90,1,0
BRDA:1310,91,0,0
BRDA:1310,91,1,0
BRDA:1310,92,0,0
BRDA:1310,92,1,0
BRDA:1317,93,0,0
BRDA:1317,93,1,0
BRDA:1328,94,0,0
BRDA:1328,94,1,0
BRDA:1336,95,0,0
BRDA:1336,95,1,0
BRDA:1336,95,2,0
BRDA:1336,95,3,0
BRDA:1336,95,4,0
BRDA:1336,95,5,0
BRDA:1336,95,6,0
BRDA:1336,95,7,0
BRDA:1336,95,8,0
BRDA:1336,95,9,0
BRDA:1336,95,10,0
BRDA:1336,95,11,0
BRDA:1336,95,12,0
BRDA:1336,95,13,0
BRDA:1336,95,14,0
BRDA:1336,95,15,0
BRDA:1336,95,16,0
BRDA:1339,96,0,0
BRDA:1339,96,1,0
BRDA:1340,97,0,0
BRDA:1340,97,1,0
BRDA:1360,98,0,0
BRDA:1360,98,1,0
BRDA:1361,99,0,0
BRDA:1361,99,1,0
BRDA:1361,100,0,0
BRDA:1361,100,1,0
BRDA:1363,101,0,0
BRDA:1363,101,1,0
BRDA:1363,102,0,0
BRDA:1363,102,1,0
BRDA:1366,103,0,0
BRDA:1366,103,1,0
BRDA:1375,104,0,0
BRDA:1375,104,1,0
BRDA:1421,105,0,0
BRDA:1421,105,1,0
BRDA:1423,106,0,0
BRDA:1423,106,1,0
BRDA:1428,107,0,0
BRF:227
BRH:2
end_of_record
TN:
SF:nodes/Hotmart/v1/HotmartV1.node.ts
FN:15,(anonymous_0)
FN:30,(anonymous_1)
FNF:2
FNH:2
FNDA:9,(anonymous_0)
FNDA:2,(anonymous_1)
DA:8,2
DA:9,2
DA:10,2
DA:12,2
DA:16,9
DA:22,9
DA:31,2
LF:7
LH:7
BRF:0
BRH:0
end_of_record
TN:
SF:nodes/Hotmart/v1/actions/common.descriptions.ts
FNF:0
FNH:0
DA:4,6
DA:12,6
DA:28,6
DA:45,6
DA:62,6
DA:70,6
DA:105,6
DA:176,6
DA:196,6
DA:202,6
DA:212,6
LF:11
LH:11
BRF:0
BRH:0
end_of_record
TN:
SF:nodes/Hotmart/v1/actions/customApiCall.operation.ts
FN:29,execute
FNF:1
FNH:1
FNDA:5,execute
DA:22,1
DA:29,1
DA:35,5
DA:38,5
LF:4
LH:4
BRF:0
BRH:0
end_of_record
TN:
SF:nodes/Hotmart/v1/actions/router.ts
FN:20,router
FNF:1
FNH:1
FNDA:12,router
DA:2,2
DA:4,2
DA:5,2
DA:6,2
DA:7,2
DA:8,2
DA:9,2
DA:10,2
DA:20,2
DA:21,12
DA:25,12
DA:38,12
DA:41,11
DA:42,1
DA:45,1
DA:49,10
DA:50,1
DA:53,1
DA:57,9
DA:60,9
DA:61,1
DA:64,1
DA:68,8
DA:69,1
DA:72,1
DA:76,1
DA:77,1
DA:80,7
DA:82,7
DA:83,7
DA:85,3
DA:89,3
DA:90,1
DA:92,2
DA:97,1
DA:100,1
DA:104,1
DA:105,1
DA:107,0
DA:112,1
DA:115,1
DA:119,1
DA:120,1
DA:122,0
DA:127,1
DA:130,1
DA:134,1
DA:135,1
DA:137,0
DA:142,1
DA:145,0
DA:149,0
DA:150,0
DA:152,0
DA:157,0
DA:160,0
DA:164,0
DA:165,0
DA:167,0
DA:172,0
DA:175,0
DA:179,0
DA:180,0
DA:182,0
DA:187,0
DA:190,1
DA:193,3
DA:194,0
DA:198,0
DA:200,3
DA:203,4
LF:71
LH:51
BRDA:41,0,0,1
BRDA:49,1,0,1
BRDA:60,2,0,1
BRDA:68,3,0,1
BRDA:83,4,0,3
BRDA:83,4,1,1
BRDA:83,4,2,1
BRDA:83,4,3,1
BRDA:83,4,4,0
BRDA:83,4,5,0
BRDA:83,4,6,0
BRDA:83,4,7,1
BRDA:89,5,0,1
BRDA:89,5,1,2
BRDA:89,6,0,2
BRDA:89,6,1,1
BRDA:89,7,0,3
BRDA:89,7,1,3
BRDA:104,8,0,1
BRDA:104,8,1,0
BRDA:104,9,0,0
BRDA:104,9,1,1
BRDA:104,10,0,1
BRDA:104,10,1,1
BRDA:119,11,0,1
BRDA:119,11,1,0
BRDA:119,12,0,0
BRDA:119,12,1,1
BRDA:119,13,0,1
BRDA:119,13,1,1
BRDA:134,14,0,1
BRDA:134,14,1,0
BRDA:134,15,0,0
BRDA:134,15,1,1
BRDA:134,16,0,1
BRDA:134,16,1,1
BRDA:149,17,0,0
BRDA:149,17,1,0
BRDA:149,18,0,0
BRDA:149,18,1,0
BRDA:149,19,0,0
BRDA:149,19,1,0
BRDA:164,20,0,0
BRDA:164,20,1,0
BRDA:164,21,0,0
BRDA:164,21,1,0
BRDA:164,22,0,0
BRDA:164,22,1,0
BRDA:179,23,0,0
BRDA:179,23,1,0
BRDA:179,24,0,0
BRDA:179,24,1,0
BRDA:179,25,0,0
BRDA:179,25,1,0
BRDA:193,26,0,0
BRF:55
BRH:27
end_of_record
TN:
SF:nodes/Hotmart/v1/actions/versionDescription.ts
FNF:0
FNH:0
DA:3,2
DA:4,2
DA:5,2
DA:6,2
DA:7,2
DA:8,2
DA:9,2
DA:30,2
LF:8
LH:8
BRF:0
BRH:0
end_of_record
TN:
SF:nodes/Hotmart/v1/actions/club/Club.resource.ts
FNF:0
FNH:0
DA:1,2
DA:2,2
DA:3,2
DA:4,2
DA:6,2
DA:13,2
LF:6
LH:6
BRF:0
BRH:0
end_of_record
TN:
SF:nodes/Hotmart/v1/actions/club/getAll.operation.ts
FN:74,(anonymous_0)
FN:124,(anonymous_1)
FNF:2
FNH:1
FNDA:4,(anonymous_0)
FNDA:0,(anonymous_1)
DA:2,3
DA:3,3
DA:5,3
DA:74,3
DA:78,4
DA:80,4
DA:81,4
DA:82,4
DA:83,4
DA:84,4
DA:88,4
DA:89,4
DA:92,0
DA:94,0
DA:97,0
DA:98,0
DA:101,0
DA:103,0
DA:109,0
DA:112,0
DA:113,0
DA:114,0
DA:118,0
DA:120,0
DA:121,0
DA:124,0
DA:127,0
DA:128,0
DA:132,0
DA:133,0
DA:138,0
DA:141,0
DA:142,0
DA:145,0
DA:148,0
DA:149,0
DA:154,0
DA:157,4
DA:158,1
DA:159,1
DA:161,3
DA:165,1
LF:42
LH:17
BRDA:89,0,0,0
BRDA:92,1,0,0
BRDA:92,1,1,0
BRDA:112,2,0,0
BRDA:112,3,0,0
BRDA:112,3,1,0
BRDA:112,3,2,0
BRDA:118,4,0,0
BRDA:118,4,1,0
BRDA:118,5,0,0
BRDA:118,5,1,0
BRDA:118,5,2,0
BRDA:148,6,0,0
BRDA:148,6,1,0
BRDA:157,7,0,1
BRF:15
BRH:1
end_of_record
TN:
SF:nodes/Hotmart/v1/actions/club/getModules.operation.ts
FN:34,(anonymous_0)
FNF:1
FNH:0
FNDA:0,(anonymous_0)
DA:2,2
DA:4,2
DA:34,2
DA:38,0
DA:40,0
DA:41,0
DA:42,0
DA:43,0
DA:45,0
DA:46,0
DA:48,0
DA:50,0
DA:55,0
DA:57,0
DA:58,0
DA:59,0
DA:61,0
DA:65,0
LF:18
LH:3
BRDA:46,0,0,0
BRDA:51,1,0,0
BRDA:51,1,1,0
BRDA:57,2,0,0
BRF:4
BRH:0
end_of_record
TN:
SF:nodes/Hotmart/v1/actions/club/getPages.operation.ts
FN:38,(anonymous_0)
FNF:1
FNH:0
FNDA:0,(anonymous_0)
DA:2,2
DA:4,2
DA:38,2
DA:42,0
DA:44,0
DA:45,0
DA:46,0
DA:47,0
DA:49,0
DA:54,0
DA:62,0
DA:67,0
DA:69,0
DA:70,0
DA:71,0
DA:73,0
DA:77,0
LF:17
LH:3
BRDA:63,0,0,0
BRDA:63,0,1,0
BRDA:69,1,0,0
BRF:3
BRH:0
end_of_record
TN:
SF:nodes/Hotmart/v1/actions/club/getProgress.operation.ts
FN:35,(anonymous_0)
FNF:1
FNH:0
FNDA:0,(anonymous_0)
DA:2,2
DA:4,2
DA:35,2
DA:39,0
DA:41,0
DA:42,0
DA:43,0
DA:44,0
DA:46,0
DA:48,0
DA:56,0
DA:61,0
DA:63,0
DA:64,0
DA:65,0
DA:67,0
DA:71,0
LF:17
LH:3
BRDA:57,0,0,0
BRDA:57,0,1,0
BRDA:63,1,0,0
BRF:3
BRH:0
end_of_record
TN:
SF:nodes/Hotmart/v1/actions/coupon/Coupon.resource.ts
FNF:0
FNH:0
DA:1,2
DA:2,2
DA:3,2
DA:5,2
DA:11,2
LF:5
LH:5
BRF:0
BRH:0
end_of_record
TN:
SF:nodes/Hotmart/v1/actions/coupon/create.operation.ts
FN:97,(anonymous_0)
FN:135,(anonymous_1)
FNF:2
FNH:0
FNDA:0,(anonymous_0)
FNDA:0,(anonymous_1)
DA:2,2
DA:3,2
DA:5,2
DA:97,2
DA:101,0
DA:103,0
DA:104,0
DA:105,0
DA:106,0
DA:107,0
DA:108,0
DA:115,0
DA:121,0
DA:122,0
DA:125,0
DA:126,0
DA:129,0
DA:130,0
DA:134,0
DA:135,0
DA:137,0
DA:140,0
DA:147,0
DA:152,0
DA:154,0
DA:155,0
DA:156,0
DA:158,0
DA:162,0
LF:29
LH:4
BRDA:121,0,0,0
BRDA:125,1,0,0
BRDA:129,2,0,0
BRDA:134,3,0,0
BRDA:134,3,1,0
BRDA:134,4,0,0
BRDA:134,4,1,0
BRDA:148,5,0,0
BRDA:148,5,1,0
BRDA:154,6,0,0
BRF:10
BRH:0
end_of_record
TN:
SF:nodes/Hotmart/v1/actions/coupon/delete.operation.ts
FN:42,(anonymous_0)
FNF:1
FNH:0
FNDA:0,(anonymous_0)
DA:2,2
DA:4,2
DA:42,2
DA:46,0
DA:48,0
DA:49,0
DA:50,0
DA:52,0
DA:58,0
DA:63,0
DA:65,0
DA:66,0
DA:67,0
DA:69,0
DA:73,0
LF:15
LH:3
BRDA:59,0,0,0
BRDA:59,0,1,0
BRDA:65,1,0,0
BRF:3
BRH:0
end_of_record
TN:
SF:nodes/Hotmart/v1/actions/coupon/get.operation.ts
FN:75,(anonymous_0)
FN:123,(anonymous_1)
FN:142,(anonymous_2)
FNF:3
FNH:0
FNDA:0,(anonymous_0)
FNDA:0,(anonymous_1)
FNDA:0,(anonymous_2)
DA:2,2
DA:3,2
DA:5,2
DA:75,2
DA:79,0
DA:81,0
DA:82,0
DA:83,0
DA:84,0
DA:85,0
DA:86,0
DA:90,0
DA:91,0
DA:95,0
DA:97,0
DA:98,0
DA:99,0
DA:101,0
DA:102,0
DA:108,0
DA:116,0
DA:117,0
DA:120,0
DA:122,0
DA:123,0
DA:127,0
DA:129,0
DA:130,0
DA:131,0
DA:141,0
DA:142,0
DA:143,0
DA:144,0
DA:146,0
DA:147,0
DA:152,0
DA:157,0
DA:159,0
DA:160,0
DA:161,0
DA:163,0
DA:167,0
LF:42
LH:4
BRDA:91,0,0,0
BRDA:95,1,0,0
BRDA:95,1,1,0
BRDA:105,2,0,0
BRDA:105,2,1,0
BRDA:116,3,0,0
BRDA:116,4,0,0
BRDA:116,4,1,0
BRDA:120,5,0,0
BRDA:120,5,1,0
BRDA:120,6,0,0
BRDA:120,6,1,0
BRDA:122,7,0,0
BRDA:141,8,0,0
BRDA:141,9,0,0
BRDA:141,9,1,0
BRDA:141,9,2,0
BRDA:143,10,0,0
BRDA:146,11,0,0
BRDA:146,12,0,0
BRDA:146,12,1,0
BRDA:147,13,0,0
BRDA:147,13,1,0
BRDA:153,14,0,0
BRDA:153,14,1,0
BRDA:159,15,0,0
BRF:26
BRH:0
end_of_record
TN:
SF:nodes/Hotmart/v1/actions/negotiate/Negotiate.resource.ts
FNF:0
FNH:0
DA:4,2
DA:7,2
DA:12,2
LF:3
LH:3
BRF:0
BRH:0
end_of_record
TN:
SF:nodes/Hotmart/v1/actions/negotiate/generateNegotiation.operation.ts
FN:86,(anonymous_0)
FN:105,(anonymous_1)
FN:106,(anonymous_2)
FNF:3
FNH:0
FNDA:0,(anonymous_0)
FNDA:0,(anonymous_1)
FNDA:0,(anonymous_2)
DA:2,2
DA:4,2
DA:86,2
DA:90,0
DA:92,0
DA:93,0
DA:94,0
DA:95,0
DA:96,0
DA:97,0
DA:103,0
DA:105,0
DA:106,0
DA:108,0
DA:109,0
DA:112,0
DA:113,0
DA:125,0
DA:132,0
DA:133,0
DA:139,0
DA:140,0
DA:144,0
DA:151,0
DA:156,0
DA:158,0
DA:159,0
DA:160,0
DA:162,0
DA:166,0
LF:30
LH:3
BRDA:108,0,0,0
BRDA:112,1,0,0
BRDA:132,2,0,0
BRDA:132,3,0,0
BRDA:132,3,1,0
BRDA:139,4,0,0
BRDA:139,5,0,0
BRDA:139,5,1,0
BRDA:152,6,0,0
BRDA:152,6,1,0
BRDA:158,7,0,0
BRF:11
BRH:0
end_of_record
TN:
SF:nodes/Hotmart/v1/actions/product/Product.resource.ts
FNF:0
FNH:0
DA:1,2
DA:3,2
DA:7,2
LF:3
LH:3
BRF:0
BRH:0
end_of_record
TN:
SF:nodes/Hotmart/v1/actions/product/getAll.operation.ts
FN:84,(anonymous_0)
FN:143,(anonymous_1)
FNF:2
FNH:2
FNDA:5,(anonymous_0)
FNDA:1,(anonymous_1)
DA:2,3
DA:3,3
DA:11,3
DA:84,3
DA:88,5
DA:90,5
DA:91,5
DA:92,5
DA:93,5
DA:99,5
DA:100,5
DA:101,5
DA:102,5
DA:104,5
DA:107,1
DA:110,1
DA:111,1
DA:114,1
DA:116,2
DA:122,2
DA:131,2
DA:132,2
DA:133,2
DA:137,2
DA:139,1
DA:140,1
DA:143,1
DA:146,1
DA:147,1
DA:151,1
DA:154,1
DA:159,0
DA:161,4
DA:162,4
DA:164,4
DA:173,3
DA:174,3
DA:179,0
DA:182,5
DA:183,1
DA:184,1
DA:186,4
DA:190,1
LF:43
LH:41
BRDA:100,0,0,0
BRDA:101,1,0,0
BRDA:102,2,0,0
BRDA:104,3,0,1
BRDA:104,3,1,4
BRDA:131,4,0,2
BRDA:131,5,0,2
BRDA:131,5,1,2
BRDA:131,5,2,2
BRDA:137,6,0,1
BRDA:137,6,1,1
BRDA:137,7,0,2
BRDA:137,7,1,2
BRDA:137,7,2,2
BRDA:173,8,0,3
BRDA:173,8,1,0
BRDA:182,9,0,1
BRF:17
BRH:13
end_of_record
TN:
SF:nodes/Hotmart/v1/actions/sales/Sales.resource.ts
FNF:0
FNH:0
DA:3,2
DA:4,2
DA:5,2
DA:6,2
DA:7,2
DA:8,2
DA:10,2
DA:19,2
LF:8
LH:8
BRF:0
BRH:0
end_of_record
TN:
SF:nodes/Hotmart/v1/actions/sales/getComissoesVendas.operation.ts
FN:112,(anonymous_0)
FNF:1
FNH:0
FNDA:0,(anonymous_0)
DA:2,2
DA:3,2
DA:10,2
DA:11,2
DA:13,2
DA:112,2
DA:116,0
DA:118,0
DA:119,0
DA:120,0
DA:121,0
DA:122,0
DA:131,0
DA:133,0
DA:134,0
DA:136,0
DA:137,0
DA:139,0
DA:140,0
DA:142,0
DA:143,0
DA:145,0
DA:146,0
DA:148,0
DA:149,0
DA:154,0
DA:156,0
DA:162,0
DA:164,0
DA:165,0
DA:166,0
DA:175,0
DA:180,0
DA:182,0
DA:183,0
DA:184,0
DA:186,0
DA:190,0
LF:38
LH:6
BRDA:133,0,0,0
BRDA:136,1,0,0
BRDA:139,2,0,0
BRDA:142,3,0,0
BRDA:145,4,0,0
BRDA:148,5,0,0
BRDA:154,6,0,0
BRDA:154,6,1,0
BRDA:176,7,0,0
BRDA:176,7,1,0
BRDA:182,8,0,0
BRF:11
BRH:0
end_of_record
TN:
SF:nodes/Hotmart/v1/actions/sales/getDetalhamentoPrecos.operation.ts
FN:112,(anonymous_0)
FNF:1
FNH:0
FNDA:0,(anonymous_0)
DA:2,2
DA:3,2
DA:10,2
DA:11,2
DA:13,2
DA:112,2
DA:116,0
DA:118,0
DA:119,0
DA:120,0
DA:121,0
DA:122,0
DA:131,0
DA:133,0
DA:134,0
DA:136,0
DA:137,0
DA:139,0
DA:140,0
DA:142,0
DA:143,0
DA:145,0
DA:146,0
DA:148,0
DA:149,0
DA:154,0
DA:156,0
DA:162,0
DA:164,0
DA:165,0
DA:166,0
DA:175,0
DA:180,0
DA:182,0
DA:183,0
DA:184,0
DA:186,0
DA:190,0
LF:38
LH:6
BRDA:133,0,0,0
BRDA:136,1,0,0
BRDA:139,2,0,0
BRDA:142,3,0,0
BRDA:145,4,0,0
BRDA:148,5,0,0
BRDA:154,6,0,0
BRDA:154,6,1,0
BRDA:176,7,0,0
BRDA:176,7,1,0
BRDA:182,8,0,0
BRF:11
BRH:0
end_of_record
TN:
SF:nodes/Hotmart/v1/actions/sales/getHistoricoVendas.operation.ts
FN:155,(anonymous_0)
FN:255,(anonymous_1)
FNF:2
FNH:2
FNDA:8,(anonymous_0)
FNDA:1,(anonymous_1)
DA:2,3
DA:3,3
DA:11,3
DA:12,3
DA:14,3
DA:155,3
DA:159,8
DA:161,8
DA:162,8
DA:163,8
DA:164,8
DA:178,8
DA:180,8
DA:181,1
DA:183,8
DA:184,2
DA:186,8
DA:187,2
DA:189,8
DA:190,2
DA:192,8
DA:193,1
DA:195,8
DA:196,0
DA:198,8
DA:199,0
DA:201,8
DA:202,0
DA:204,8
DA:205,1
DA:207,8
DA:208,0
DA:210,8
DA:211,1
DA:214,8
DA:217,1
DA:220,1
DA:221,1
DA:224,1
DA:226,2
DA:232,2
DA:241,2
DA:242,2
DA:243,2
DA:247,2
DA:249,1
DA:250,1
DA:255,1
DA:258,1
DA:259,1
DA:263,1
DA:266,1
DA:268,1
DA:270,7
DA:271,7
DA:273,7
DA:282,5
DA:285,5
DA:287,5
DA:290,2
DA:291,1
DA:292,1
DA:294,1
DA:298,7
LF:64
LH:60
BRDA:180,0,0,1
BRDA:183,1,0,2
BRDA:186,2,0,2
BRDA:189,3,0,2
BRDA:192,4,0,1
BRDA:195,5,0,0
BRDA:198,6,0,0
BRDA:201,7,0,0
BRDA:204,8,0,1
BRDA:207,9,0,0
BRDA:210,10,0,1
BRDA:214,11,0,1
BRDA:214,11,1,7
BRDA:241,12,0,2
BRDA:241,13,0,2
BRDA:241,13,1,2
BRDA:241,13,2,2
BRDA:247,14,0,1
BRDA:247,14,1,1
BRDA:247,15,0,2
BRDA:247,15,1,2
BRDA:247,15,2,2
BRDA:282,16,0,5
BRDA:282,16,1,0
BRDA:290,17,0,1
BRF:25
BRH:20
end_of_record
TN:
SF:nodes/Hotmart/v1/actions/sales/getParticipantesVendas.operation.ts
FN:144,(anonymous_0)
FNF:1
FNH:0
FNDA:0,(anonymous_0)
DA:2,2
DA:3,2
DA:10,2
DA:11,2
DA:13,2
DA:144,2
DA:148,0
DA:150,0
DA:151,0
DA:152,0
DA:153,0
DA:154,0
DA:167,0
DA:169,0
DA:170,0
DA:172,0
DA:173,0
DA:175,0
DA:176,0
DA:178,0
DA:179,0
DA:181,0
DA:182,0
DA:184,0
DA:185,0
DA:187,0
DA:188,0
DA:190,0
DA:191,0
DA:193,0
DA:194,0
DA:196,0
DA:197,0
DA:202,0
DA:204,0
DA:210,0
DA:212,0
DA:213,0
DA:214,0
DA:223,0
DA:228,0
DA:230,0
DA:231,0
DA:232,0
DA:234,0
DA:238,0
LF:46
LH:6
BRDA:169,0,0,0
BRDA:172,1,0,0
BRDA:175,2,0,0
BRDA:178,3,0,0
BRDA:181,4,0,0
BRDA:184,5,0,0
BRDA:187,6,0,0
BRDA:190,7,0,0
BRDA:193,8,0,0
BRDA:196,9,0,0
BRDA:202,10,0,0
BRDA:202,10,1,0
BRDA:224,11,0,0
BRDA:224,11,1,0
BRDA:230,12,0,0
BRF:15
BRH:0
end_of_record
TN:
SF:nodes/Hotmart/v1/actions/sales/getResumoVendas.operation.ts
FN:136,(anonymous_0)
FNF:1
FNH:0
FNDA:0,(anonymous_0)
DA:2,2
DA:3,2
DA:10,2
DA:11,2
DA:13,2
DA:136,2
DA:140,0
DA:142,0
DA:143,0
DA:144,0
DA:145,0
DA:146,0
DA:158,0
DA:160,0
DA:161,0
DA:163,0
DA:164,0
DA:166,0
DA:167,0
DA:169,0
DA:170,0
DA:172,0
DA:173,0
DA:175,0
DA:176,0
DA:178,0
DA:179,0
DA:181,0
DA:182,0
DA:184,0
DA:185,0
DA:190,0
DA:192,0
DA:198,0
DA:200,0
DA:201,0
DA:202,0
DA:211,0
DA:216,0
DA:218,0
DA:219,0
DA:220,0
DA:222,0
DA:226,0
LF:44
LH:6
BRDA:160,0,0,0
BRDA:163,1,0,0
BRDA:166,2,0,0
BRDA:169,3,0,0
BRDA:172,4,0,0
BRDA:175,5,0,0
BRDA:178,6,0,0
BRDA:181,7,0,0
BRDA:184,8,0,0
BRDA:190,9,0,0
BRDA:190,9,1,0
BRDA:212,10,0,0
BRDA:212,10,1,0
BRDA:218,11,0,0
BRF:14
BRH:0
end_of_record
TN:
SF:nodes/Hotmart/v1/actions/sales/solicitarReembolso.operation.ts
FN:21,(anonymous_0)
FNF:1
FNH:0
FNDA:0,(anonymous_0)
DA:2,2
DA:4,2
DA:21,2
DA:25,0
DA:27,0
DA:28,0
DA:29,0
DA:31,0
DA:37,0
DA:42,0
DA:44,0
DA:45,0
DA:46,0
DA:48,0
DA:52,0
LF:15
LH:3
BRDA:38,0,0,0
BRDA:38,0,1,0
BRDA:44,1,0,0
BRF:3
BRH:0
end_of_record
TN:
SF:nodes/Hotmart/v1/actions/subscription/Subscription.resource.ts
FNF:0
FNH:0
DA:4,2
DA:5,2
DA:6,2
DA:7,2
DA:8,2
DA:9,2
DA:10,2
DA:11,2
DA:12,2
DA:15,2
DA:28,2
LF:11
LH:11
BRF:0
BRH:0
end_of_record
TN:
SF:nodes/Hotmart/v1/actions/subscription/cancel.operation.ts
FN:34,(anonymous_0)
FNF:1
FNH:0
FNDA:0,(anonymous_0)
DA:2,2
DA:4,2
DA:34,2
DA:38,0
DA:40,0
DA:41,0
DA:42,0
DA:43,0
DA:45,0
DA:50,0
DA:72,0
DA:77,0
DA:79,0
DA:80,0
DA:81,0
DA:83,0
DA:87,0
LF:17
LH:3
BRDA:73,0,0,0
BRDA:73,0,1,0
BRDA:79,1,0,0
BRF:3
BRH:0
end_of_record
TN:
SF:nodes/Hotmart/v1/actions/subscription/cancelList.operation.ts
FN:34,(anonymous_0)
FN:44,(anonymous_1)
FNF:2
FNH:0
FNDA:0,(anonymous_0)
FNDA:0,(anonymous_1)
DA:2,2
DA:4,2
DA:34,2
DA:38,0
DA:40,0
DA:41,0
DA:42,0
DA:44,0
DA:46,0
DA:48,0
DA:53,0
DA:64,0
DA:69,0
DA:71,0
DA:72,0
DA:73,0
DA:75,0
DA:79,0
LF:18
LH:3
BRDA:71,0,0,0
BRF:1
BRH:0
end_of_record
TN:
SF:nodes/Hotmart/v1/actions/subscription/changeBillingDate.operation.ts
FN:39,(anonymous_0)
FNF:1
FNH:0
FNDA:0,(anonymous_0)
DA:2,2
DA:4,2
DA:39,2
DA:43,0
DA:45,0
DA:46,0
DA:47,0
DA:48,0
DA:50,0
DA:54,0
DA:61,0
DA:66,0
DA:68,0
DA:69,0
DA:70,0
DA:72,0
DA:76,0
LF:17
LH:3
BRDA:62,0,0,0
BRDA:62,0,1,0
BRDA:68,1,0,0
BRF:3
BRH:0
end_of_record
TN:
SF:nodes/Hotmart/v1/actions/subscription/constants.ts
FNF:0
FNH:0
DA:3,2
DA:18,2
DA:41,2
LF:3
LH:3
BRF:0
BRH:0
end_of_record
TN:
SF:nodes/Hotmart/v1/actions/subscription/getAll.operation.ts
FN:162,(anonymous_0)
FN:303,(anonymous_1)
FNF:2
FNH:2
FNDA:10,(anonymous_0)
FNDA:1,(anonymous_1)
DA:2,3
DA:3,3
DA:9,3
DA:10,3
DA:12,3
DA:162,3
DA:166,10
DA:168,10
DA:169,10
DA:170,10
DA:171,10
DA:188,10
DA:189,10
DA:190,10
DA:192,10
DA:193,2
DA:196,10
DA:197,2
DA:200,10
DA:204,1
DA:207,10
DA:208,1
DA:211,10
DA:212,2
DA:215,10
DA:216,2
DA:219,10
DA:220,1
DA:225,10
DA:226,2
DA:227,2
DA:228,2
DA:229,2
DA:232,10
DA:233,1
DA:234,1
DA:237,10
DA:238,2
DA:239,2
DA:242,10
DA:243,1
DA:244,1
DA:247,10
DA:248,1
DA:249,1
DA:252,10
DA:253,1
DA:254,1
DA:257,10
DA:259,1
DA:262,10
DA:265,1
DA:268,1
DA:269,1
DA:272,1
DA:274,2
DA:280,2
DA:289,2
DA:290,2
DA:291,2
DA:295,2
DA:297,1
DA:298,1
DA:303,1
DA:306,1
DA:307,1
DA:311,1
DA:314,1
DA:316,1
DA:318,9
DA:319,9
DA:320,9
DA:322,9
DA:331,7
DA:334,7
DA:336,7
DA:339,2
DA:340,1
DA:341,1
DA:343,1
DA:347,9
LF:81
LH:81
BRDA:192,0,0,2
BRDA:192,1,0,8
BRDA:192,1,1,2
BRDA:192,2,0,10
BRDA:192,2,1,10
BRDA:196,3,0,2
BRDA:200,4,0,1
BRDA:207,5,0,1
BRDA:211,6,0,2
BRDA:215,7,0,2
BRDA:219,8,0,1
BRDA:225,9,0,2
BRDA:229,10,0,2
BRDA:232,11,0,1
BRDA:234,12,0,1
BRDA:237,13,0,2
BRDA:239,14,0,2
BRDA:242,15,0,1
BRDA:244,16,0,1
BRDA:247,17,0,1
BRDA:249,18,0,1
BRDA:252,19,0,1
BRDA:254,20,0,1
BRDA:257,21,0,1
BRDA:262,22,0,1
BRDA:262,22,1,9
BRDA:289,23,0,2
BRDA:289,24,0,2
BRDA:289,24,1,2
BRDA:289,24,2,2
BRDA:295,25,0,1
BRDA:295,25,1,1
BRDA:295,26,0,2
BRDA:295,26,1,2
BRDA:295,26,2,2
BRDA:331,27,0,7
BRDA:331,27,1,0
BRDA:339,28,0,1
BRF:38
BRH:37
end_of_record
TN:
SF:nodes/Hotmart/v1/actions/subscription/getPurchases.operation.ts
FN:21,(anonymous_0)
FNF:1
FNH:0
FNDA:0,(anonymous_0)
DA:2,2
DA:4,2
DA:21,2
DA:25,0
DA:27,0
DA:28,0
DA:29,0
DA:31,0
DA:49,0
DA:54,0
DA:56,0
DA:57,0
DA:58,0
DA:60,0
DA:64,0
LF:15
LH:3
BRDA:56,0,0,0
BRF:1
BRH:0
end_of_record
TN:
SF:nodes/Hotmart/v1/actions/subscription/getSummary.operation.ts
FN:91,(anonymous_0)
FNF:1
FNH:0
FNDA:0,(anonymous_0)
DA:2,2
DA:3,2
DA:4,2
DA:5,2
DA:7,2
DA:91,2
DA:95,0
DA:97,0
DA:98,0
DA:99,0
DA:100,0
DA:108,0
DA:110,0
DA:111,0
DA:114,0
DA:115,0
DA:118,0
DA:119,0
DA:120,0
DA:123,0
DA:124,0
DA:125,0
DA:128,0
DA:129,0
DA:130,0
DA:135,0
DA:137,0
DA:138,0
DA:145,0
DA:147,0
DA:148,0
DA:149,0
DA:158,0
DA:163,0
DA:165,0
DA:166,0
DA:167,0
DA:169,0
DA:173,0
LF:39
LH:6
BRDA:110,0,0,0
BRDA:114,1,0,0
BRDA:118,2,0,0
BRDA:120,3,0,0
BRDA:123,4,0,0
BRDA:125,5,0,0
BRDA:128,6,0,0
BRDA:130,7,0,0
BRDA:135,8,0,0
BRDA:135,8,1,0
BRDA:159,9,0,0
BRDA:159,9,1,0
BRDA:165,10,0,0
BRF:13
BRH:0
end_of_record
TN:
SF:nodes/Hotmart/v1/actions/subscription/getTransactions.operation.ts
FN:159,(anonymous_0)
FN:187,(anonymous_1)
FN:239,(anonymous_2)
FNF:3
FNH:0
FNDA:0,(anonymous_0)
FNDA:0,(anonymous_1)
FNDA:0,(anonymous_2)
DA:4,2
DA:5,2
DA:11,2
DA:13,2
DA:159,2
DA:163,0
DA:165,0
DA:166,0
DA:167,0
DA:168,0
DA:184,0
DA:187,0
DA:188,0
DA:190,0
DA:191,0
DA:193,0
DA:198,0
DA:201,0
DA:204,0
DA:205,0
DA:208,0
DA:210,0
DA:216,0
DA:225,0
DA:226,0
DA:227,0
DA:231,0
DA:233,0
DA:234,0
DA:239,0
DA:242,0
DA:243,0
DA:247,0
DA:250,0
DA:255,0
DA:257,0
DA:258,0
DA:260,0
DA:269,0
DA:270,0
DA:275,0
DA:278,0
DA:279,0
DA:280,0
DA:282,0
DA:286,0
LF:46
LH:5
BRDA:188,0,0,0
BRDA:188,1,0,0
BRDA:188,1,1,0
BRDA:190,2,0,0
BRDA:190,2,1,0
BRDA:190,3,0,0
BRDA:190,3,1,0
BRDA:198,4,0,0
BRDA:198,4,1,0
BRDA:225,5,0,0
BRDA:225,6,0,0
BRDA:225,6,1,0
BRDA:225,6,2,0
BRDA:231,7,0,0
BRDA:231,7,1,0
BRDA:231,8,0,0
BRDA:231,8,1,0
BRDA:231,8,2,0
BRDA:269,9,0,0
BRDA:269,9,1,0
BRDA:278,10,0,0
BRF:21
BRH:0
end_of_record
TN:
SF:nodes/Hotmart/v1/actions/subscription/reactivate.operation.ts
FN:34,(anonymous_0)
FNF:1
FNH:0
FNDA:0,(anonymous_0)
DA:2,2
DA:4,2
DA:34,2
DA:38,0
DA:40,0
DA:41,0
DA:42,0
DA:43,0
DA:45,0
DA:49,0
DA:63,0
DA:68,0
DA:70,0
DA:71,0
DA:72,0
DA:74,0
DA:78,0
LF:17
LH:3
BRDA:64,0,0,0
BRDA:64,0,1,0
BRDA:70,1,0,0
BRF:3
BRH:0
end_of_record
TN:
SF:nodes/Hotmart/v1/actions/subscription/reactivateList.operation.ts
FN:34,(anonymous_0)
FN:44,(anonymous_1)
FNF:2
FNH:0
FNDA:0,(anonymous_0)
FNDA:0,(anonymous_1)
DA:2,2
DA:4,2
DA:34,2
DA:38,0
DA:40,0
DA:41,0
DA:42,0
DA:44,0
DA:46,0
DA:48,0
DA:53,0
DA:60,0
DA:65,0
DA:67,0
DA:68,0
DA:69,0
DA:71,0
DA:75,0
LF:18
LH:3
BRDA:67,0,0,0
BRF:1
BRH:0
end_of_record
TN:
SF:nodes/Hotmart/v1/actions/tickets/Tickets.resource.ts
FNF:0
FNH:0
DA:1,2
DA:2,2
DA:4,2
DA:9,2
LF:4
LH:4
BRF:0
BRH:0
end_of_record
TN:
SF:nodes/Hotmart/v1/actions/tickets/getAll.operation.ts
FN:144,(anonymous_0)
FN:209,(anonymous_1)
FNF:2
FNH:0
FNDA:0,(anonymous_0)
FNDA:0,(anonymous_1)
DA:2,2
DA:3,2
DA:5,2
DA:144,2
DA:148,0
DA:150,0
DA:151,0
DA:152,0
DA:153,0
DA:154,0
DA:166,0
DA:167,0
DA:168,0
DA:169,0
DA:170,0
DA:171,0
DA:172,0
DA:173,0
DA:174,0
DA:175,0
DA:179,0
DA:181,0
DA:183,0
DA:184,0
DA:186,0
DA:187,0
DA:193,0
DA:201,0
DA:202,0
DA:205,0
DA:208,0
DA:209,0
DA:213,0
DA:215,0
DA:216,0
DA:218,0
DA:226,0
DA:229,0
DA:234,0
DA:236,0
DA:237,0
DA:238,0
DA:240,0
DA:244,0
LF:44
LH:4
BRDA:167,0,0,0
BRDA:168,1,0,0
BRDA:169,2,0,0
BRDA:170,3,0,0
BRDA:171,4,0,0
BRDA:172,5,0,0
BRDA:173,6,0,0
BRDA:174,7,0,0
BRDA:175,8,0,0
BRDA:179,9,0,0
BRDA:179,9,1,0
BRDA:190,10,0,0
BRDA:190,10,1,0
BRDA:201,11,0,0
BRDA:201,12,0,0
BRDA:201,12,1,0
BRDA:205,13,0,0
BRDA:205,13,1,0
BRDA:208,14,0,0
BRDA:226,15,0,0
BRDA:226,15,1,0
BRDA:236,16,0,0
BRF:22
BRH:0
end_of_record
TN:
SF:nodes/Hotmart/v1/actions/tickets/getInfo.operation.ts
FN:25,(anonymous_0)
FNF:1
FNH:0
FNDA:0,(anonymous_0)
DA:2,2
DA:4,2
DA:25,2
DA:29,0
DA:31,0
DA:32,0
DA:33,0
DA:35,0
DA:37,0
DA:42,0
DA:44,0
DA:45,0
DA:46,0
DA:48,0
DA:52,0
LF:15
LH:3
BRDA:38,0,0,0
BRDA:38,0,1,0
BRDA:44,1,0,0
BRF:3
BRH:0
end_of_record
TN:
SF:nodes/Hotmart/v1/helpers/dateUtils.ts
FN:2,convertToTimestamp
FNF:1
FNH:1
FNDA:25,convertToTimestamp
DA:2,5
DA:3,25
DA:4,23
DA:5,23
DA:6,23
DA:7,23
DA:8,23
DA:10,0
LF:8
LH:7
BRDA:3,0,0,2
BRDA:4,1,0,23
BRDA:6,2,0,17
BRDA:6,2,1,6
BRDA:8,3,0,4
BRDA:8,3,1,19
BRF:6
BRH:6
end_of_record
TN:
SF:nodes/Hotmart/v1/helpers/outputFormatter.ts
FN:13,formatOutput
FNF:1
FNH:1
FNDA:5,formatOutput
DA:13,3
DA:19,5
DA:20,2
DA:26,5
LF:4
LH:4
BRDA:19,0,0,2
BRF:1
BRH:1
end_of_record
TN:
SF:nodes/Hotmart/v1/helpers/pagination.ts
FN:15,getAllItems
FN:91,(anonymous_1)
FN:98,getEndpointForResourceOperation
FNF:3
FNH:3
FNDA:10,getAllItems
FNDA:2,(anonymous_1)
FNDA:12,getEndpointForResourceOperation
DA:1,3
DA:2,3
DA:13,3
DA:15,3
DA:19,10
DA:23,10
DA:25,10
DA:30,10
DA:32,10
DA:34,12
DA:37,12
DA:42,2
DA:51,2
DA:54,1
DA:56,1
DA:64,11
DA:71,11
DA:74,11
DA:80,10
DA:84,11
DA:90,11
DA:91,2
DA:95,9
DA:100,12
DA:180,12
LF:25
LH:25
BRDA:19,0,0,9
BRDA:19,1,0,10
BRDA:37,2,0,2
BRDA:51,3,0,1
BRDA:51,3,1,1
BRDA:67,4,0,11
BRDA:67,4,1,2
BRDA:74,5,0,10
BRDA:75,6,0,11
BRDA:75,6,1,11
BRDA:75,6,2,11
BRDA:75,6,3,10
BRDA:85,7,0,11
BRDA:85,7,1,0
BRDA:85,8,0,11
BRDA:85,8,1,11
BRDA:85,8,2,11
BRDA:90,9,0,2
BRDA:180,10,0,12
BRDA:180,10,1,2
BRDA:180,11,0,1
BRDA:180,11,1,11
BRDA:180,12,0,12
BRDA:180,12,1,12
BRF:24
BRH:23
end_of_record
TN:
SF:nodes/Hotmart/v1/methods/loadOptions.ts
FN:3,getProducts
FN:40,getEventProducts
FN:87,getCouponsByProduct
FNF:3
FNH:0
FNDA:0,getProducts
FNDA:0,getEventProducts
FNDA:0,getCouponsByProduct
DA:3,2
DA:4,0
DA:5,0
DA:7,0
DA:9,0
DA:19,0
DA:20,0
DA:21,0
DA:28,0
DA:30,0
DA:36,0
DA:40,2
DA:43,0
DA:44,0
DA:46,0
DA:48,0
DA:58,0
DA:59,0
DA:60,0
DA:67,0
DA:69,0
DA:76,0
DA:77,0
DA:83,0
DA:87,2
DA:90,0
DA:91,0
DA:93,0
DA:94,0
DA:97,0
DA:98,0
DA:108,0
DA:109,0
DA:110,0
DA:115,0
DA:116,0
DA:117,0
DA:118,0
DA:120,0
DA:129,0
DA:130,0
DA:136,0
DA:137,0
DA:143,0
LF:44
LH:3
BRDA:19,0,0,0
BRDA:19,1,0,0
BRDA:19,1,1,0
BRDA:19,1,2,0
BRDA:58,2,0,0
BRDA:58,3,0,0
BRDA:58,3,1,0
BRDA:58,3,2,0
BRDA:76,4,0,0
BRDA:76,5,0,0
BRDA:76,5,1,0
BRDA:76,5,2,0
BRDA:93,6,0,0
BRDA:93,7,0,0
BRDA:93,7,1,0
BRDA:108,8,0,0
BRDA:108,9,0,0
BRDA:108,9,1,0
BRDA:108,9,2,0
BRDA:109,10,0,0
BRDA:109,10,1,0
BRDA:116,11,0,0
BRDA:116,11,1,0
BRDA:117,12,0,0
BRDA:117,12,1,0
BRDA:136,13,0,0
BRF:26
BRH:0
end_of_record
TN:
SF:nodes/Hotmart/v1/transport/request.ts
FN:11,hotmartApiRequest
FNF:1
FNH:1
FNDA:12,hotmartApiRequest
DA:11,8
DA:18,12
DA:20,12
DA:24,12
DA:31,12
DA:32,2
DA:33,2
DA:38,12
DA:40,12
DA:41,12
DA:42,12
DA:43,12
DA:44,12
DA:45,2
DA:48,12
DA:55,8
DA:56,8
DA:60,8
DA:64,8
DA:69,8
DA:71,4
DA:72,4
DA:73,4
LF:23
LH:23
BRDA:15,0,0,9
BRDA:16,1,0,11
BRDA:20,2,0,1
BRDA:20,2,1,11
BRDA:31,3,0,2
BRDA:44,4,0,2
BRDA:58,5,0,8
BRDA:58,5,1,0
BRDA:58,6,0,8
BRDA:58,6,1,8
BRDA:62,7,0,8
BRDA:62,7,1,0
BRDA:62,8,0,8
BRDA:62,8,1,8
BRDA:66,9,0,5
BRDA:66,9,1,3
BRDA:66,10,0,8
BRDA:66,10,1,8
BRDA:69,11,0,5
BRDA:69,11,1,3
BRDA:69,12,0,8
BRDA:69,12,1,8
BRF:22
BRH:20
end_of_record
